<?xml version="1.0" encoding="UTF-8"?>
<!-- Generated by org.testng.reporters.JUnitReportReporter -->
<testsuite name="com.praveen_flipkart_webautomation.flipkartTestSteps.FlipKartOrderVerificationTestSteps" tests="1" time="13.735" ignored="0" failures="0" timestamp="28 Dec 2017 10:40:22 GMT" skipped="0" hostname="ICPL12426" errors="0">
  <testcase name="testFlipKartOrderVerification" time="13.735" classname="com.praveen_flipkart_webautomation.flipkartTestSteps.FlipKartOrderVerificationTestSteps"/>
</testsuite> <!-- com.praveen_flipkart_webautomation.flipkartTestSteps.FlipKartOrderVerificationTestSteps -->
