<?xml version="1.0" encoding="UTF-8"?>
<!-- Generated by org.testng.reporters.JUnitReportReporter -->
<testsuite name="com.praveen_flipkart_webautomation.flipkartTestSteps.FlipKartApplianceOrderVerification" tests="1" time="28.271" ignored="0" failures="0" timestamp="29 Dec 2017 13:37:03 GMT" skipped="0" hostname="ICPL12426" errors="0">
  <testcase name="testAppliancesOrderVerification" time="28.271" classname="com.praveen_flipkart_webautomation.flipkartTestSteps.FlipKartApplianceOrderVerification"/>
</testsuite> <!-- com.praveen_flipkart_webautomation.flipkartTestSteps.FlipKartApplianceOrderVerification -->
