<?xml version="1.0" encoding="UTF-8"?>
<!-- Generated by org.testng.reporters.JUnitReportReporter -->
<testsuite name="com.qmetry.qaf.automation.step.client.DataDrivenScenario" tests="3" time="52.514" ignored="5" failures="0" timestamp="02 Feb 2018 11:49:37 GMT" skipped="0" hostname="ICPL12426" errors="0">
  <testcase name="FlipKartWebOrderVerificationDataDriven" time="17.505" classname="com.qmetry.qaf.automation.step.client.DataDrivenScenario"/>
  <testcase name="FlipKartWebOrderVerificationDataDriven" time="17.417" classname="com.qmetry.qaf.automation.step.client.DataDrivenScenario"/>
  <testcase name="FlipKartWebOrderVerificationDataDriven" time="17.592" classname="com.qmetry.qaf.automation.step.client.DataDrivenScenario"/>
  <testcase name="FlipKartWebOrderVerificationDataDriven" classname="com.qmetry.qaf.automation.step.client.DataDrivenScenario">
    <skipped/>
  </testcase> <!-- FlipKartWebOrderVerificationDataDriven -->
  <testcase name="afterSuit" classname="com.qmetry.qaf.automation.ui.AbstractTestCase">
    <skipped/>
  </testcase> <!-- afterSuit -->
  <testcase name="setupSuit" classname="com.qmetry.qaf.automation.ui.AbstractTestCase">
    <skipped/>
  </testcase> <!-- setupSuit -->
  <testcase name="setupTest" classname="com.qmetry.qaf.automation.ui.AbstractTestCase">
    <skipped/>
  </testcase> <!-- setupTest -->
  <testcase name="afterTest" classname="com.qmetry.qaf.automation.ui.AbstractTestCase">
    <skipped/>
  </testcase> <!-- afterTest -->
</testsuite> <!-- com.qmetry.qaf.automation.step.client.DataDrivenScenario -->
